#
# There is insufficient memory for the Java Runtime Environment to continue.
# Cannot create GC thread. Out of system resources.
# Possible reasons:
#   The system is out of physical RAM or swap space
#   In 32 bit mode, the process size limit was hit
# Possible solutions:
#   Reduce memory load on the system
#   Increase physical memory or swap space
#   Check if swap backing store is full
#   Use 64 bit Java on a 64 bit OS
#   Decrease Java heap size (-Xmx/-Xms)
#   Decrease number of Java threads
#   Decrease Java thread stack sizes (-Xss)
#   Set larger code cache with -XX:ReservedCodeCacheSize=
# This output file may be truncated or incomplete.
#
#  Out of Memory Error (gcTaskThread.cpp:48), pid=17880, tid=18600
#
# JRE version:  (8.0_31-b13) (build )
# Java VM: Java HotSpot(TM) 64-Bit Server VM (25.31-b07 mixed mode windows-amd64 compressed oops)
# Failed to write core dump. Minidumps are not enabled by default on client versions of Windows
#

---------------  T H R E A D  ---------------

Current thread (0x0000000002070800):  JavaThread "Unknown thread" [_thread_in_vm, id=18600, stack(0x0000000001f70000,0x0000000002070000)]

Stack: [0x0000000001f70000,0x0000000002070000]
Native frames: (J=compiled Java code, j=interpreted, Vv=VM code, C=native code)
V  [jvm.dll+0x3169ba]
V  [jvm.dll+0x2674c3]
V  [jvm.dll+0x268103]
V  [jvm.dll+0x25f8f5]
V  [jvm.dll+0x3d1804]
V  [jvm.dll+0x3d146b]
V  [jvm.dll+0x3d16fc]
V  [jvm.dll+0x3d2d59]
V  [jvm.dll+0xe3a66]
V  [jvm.dll+0xe43b4]
V  [jvm.dll+0x1fa017]
V  [jvm.dll+0x22b694]
V  [jvm.dll+0x14d8c1]
C  [java.exe+0x20b6]
C  [java.exe+0xc9bb]
C  [java.exe+0xca4f]
C  [KERNEL32.DLL+0x13d2]
C  [ntdll.dll+0x15444]


---------------  P R O C E S S  ---------------

Java Threads: ( => current thread )

Other Threads:

=>0x0000000002070800 (exited) JavaThread "Unknown thread" [_thread_in_vm, id=18600, stack(0x0000000001f70000,0x0000000002070000)]

VM state:not at safepoint (not fully initialized)

VM Mutex/Monitor currently owned by a thread: None

GC Heap History (0 events):
No events

Deoptimization events (0 events):
No events

Internal exceptions (0 events):
No events

Events (0 events):
No events


Dynamic libraries:
0x00007ff6fd2d0000 - 0x00007ff6fd304000 	C:\Program Files\Java\jdk1.8.0_31\bin\java.exe
0x00007fff23600000 - 0x00007fff237ac000 	C:\WINDOWS\SYSTEM32\ntdll.dll
0x00007fff214c0000 - 0x00007fff215fe000 	C:\WINDOWS\system32\KERNEL32.DLL
0x00007fff20b10000 - 0x00007fff20c25000 	C:\WINDOWS\system32\KERNELBASE.dll
0x00007fff1f210000 - 0x00007fff1f29e000 	C:\WINDOWS\system32\apphelp.dll
0x00007fff032f0000 - 0x00007fff03343000 	C:\WINDOWS\AppPatch\AppPatch64\AcGenral.DLL
0x00007fff23200000 - 0x00007fff232aa000 	C:\WINDOWS\system32\msvcrt.dll
0x00007fff20580000 - 0x00007fff205ae000 	C:\WINDOWS\SYSTEM32\SspiCli.dll
0x00007fff235a0000 - 0x00007fff235f4000 	C:\WINDOWS\system32\SHLWAPI.dll
0x00007fff219d0000 - 0x00007fff21b47000 	C:\WINDOWS\system32\USER32.dll
0x00007fff21070000 - 0x00007fff21204000 	C:\WINDOWS\system32\ole32.dll
0x00007fff21b50000 - 0x00007fff23068000 	C:\WINDOWS\system32\SHELL32.dll
0x00007fff1fd50000 - 0x00007fff1fd71000 	C:\WINDOWS\SYSTEM32\USERENV.dll
0x00007fff21920000 - 0x00007fff219ca000 	C:\WINDOWS\system32\ADVAPI32.dll
0x00007fff0e710000 - 0x00007fff0e72e000 	C:\WINDOWS\SYSTEM32\MPR.dll
0x00007fff217d0000 - 0x00007fff21911000 	C:\WINDOWS\system32\RPCRT4.dll
0x00007fff21450000 - 0x00007fff214a9000 	C:\WINDOWS\SYSTEM32\sechost.dll
0x00007fff21230000 - 0x00007fff21441000 	C:\WINDOWS\SYSTEM32\combase.dll
0x00007fff20da0000 - 0x00007fff20ef1000 	C:\WINDOWS\system32\GDI32.dll
0x00007fff20750000 - 0x00007fff20765000 	C:\WINDOWS\SYSTEM32\profapi.dll
0x00007fff1f2a0000 - 0x00007fff1f352000 	C:\WINDOWS\SYSTEM32\SHCORE.dll
0x00007fff23310000 - 0x00007fff23346000 	C:\WINDOWS\system32\IMM32.DLL
0x00007fff20f10000 - 0x00007fff21062000 	C:\WINDOWS\system32\MSCTF.dll
0x00007fff1e5e0000 - 0x00007fff1e85a000 	C:\WINDOWS\WinSxS\amd64_microsoft.windows.common-controls_6595b64144ccf1df_6.0.9600.17810_none_6240b9c7ecbd0bda\COMCTL32.dll
0x0000000062040000 - 0x0000000062112000 	C:\Program Files\Java\jdk1.8.0_31\jre\bin\msvcr100.dll
0x0000000062460000 - 0x0000000062cba000 	C:\Program Files\Java\jdk1.8.0_31\jre\bin\server\jvm.dll
0x00007fff17ff0000 - 0x00007fff17ff9000 	C:\WINDOWS\SYSTEM32\WSOCK32.dll
0x00007fff1eb70000 - 0x00007fff1eb92000 	C:\WINDOWS\SYSTEM32\WINMM.dll
0x00007fff21210000 - 0x00007fff21217000 	C:\WINDOWS\system32\PSAPI.DLL
0x00007fff232b0000 - 0x00007fff2330a000 	C:\WINDOWS\system32\WS2_32.dll
0x00007fff1e570000 - 0x00007fff1e59a000 	C:\WINDOWS\SYSTEM32\WINMMBASE.dll
0x00007fff21220000 - 0x00007fff21229000 	C:\WINDOWS\system32\NSI.dll
0x00007fff20c30000 - 0x00007fff20c7f000 	C:\WINDOWS\SYSTEM32\cfgmgr32.dll
0x00007fff1f560000 - 0x00007fff1f588000 	C:\WINDOWS\SYSTEM32\DEVOBJ.dll
0x0000000062450000 - 0x000000006245f000 	C:\Program Files\Java\jdk1.8.0_31\jre\bin\verify.dll
0x0000000062420000 - 0x0000000062448000 	C:\Program Files\Java\jdk1.8.0_31\jre\bin\java.dll
0x0000000062400000 - 0x0000000062416000 	C:\Program Files\Java\jdk1.8.0_31\jre\bin\zip.dll
0x00007fff1b680000 - 0x00007fff1b809000 	C:\WINDOWS\SYSTEM32\dbghelp.dll

VM Arguments:
java_command: <unknown>
java_class_path (initial): .
Launcher Type: SUN_STANDARD

Environment Variables:
JAVA_HOME=C:\Program Files\Java\jdk1.8.0_31
PATH=C:\Python27\;C:\Python27\Scripts;C:\Python34\;C:\Python34\Scripts;C:\ProgramData\Oracle\Java\javapath;C:\Program Files (x86)\Intel\iCLS Client\;C:\Program Files\Intel\iCLS Client\;C:\WINDOWS\system32;C:\WINDOWS;C:\WINDOWS\System32\Wbem;C:\WINDOWS\System32\WindowsPowerShell\v1.0\;C:\Program Files (x86)\Windows Live\Shared;C:\Program Files\Intel\Intel(R) Management Engine Components\DAL;C:\Program Files\Intel\Intel(R) Management Engine Components\IPT;C:\Program Files (x86)\Intel\Intel(R) Management Engine Components\DAL;C:\Program Files (x86)\Intel\Intel(R) Management Engine Components\IPT;F:\MATLAB\runtime\win64;F:\MATLAB\bin;C:\Program Files\Java\jdk1.8.0_31\bin;C:\Program Files (x86)\Skype\Phone\;C:\Program Files (x86)\NVIDIA Corporation\PhysX\Common;C:\Program Files (x86)\scala\bin
USERNAME=shaon
OS=Windows_NT
PROCESSOR_IDENTIFIER=Intel64 Family 6 Model 60 Stepping 3, GenuineIntel



---------------  S Y S T E M  ---------------

OS: Windows 8.1 , 64 bit Build 9600 

CPU:total 8 (4 cores per cpu, 2 threads per core) family 6 model 60 stepping 3, cmov, cx8, fxsr, mmx, sse, sse2, sse3, ssse3, sse4.1, sse4.2, popcnt, avx, avx2, aes, clmul, erms, lzcnt, ht, tsc, tscinvbit, bmi1, bmi2

Memory: 4k page, physical 16725552k(3505512k free), swap 19871280k(29796k free)

vm_info: Java HotSpot(TM) 64-Bit Server VM (25.31-b07) for windows-amd64 JRE (1.8.0_31-b13), built on Dec 17 2014 21:00:28 by "java_re" with MS VC++ 10.0 (VS2010)

time: Wed Jun 24 19:25:06 2015
elapsed time: 0 seconds (0d 0h 0m 0s)

