#
# There is insufficient memory for the Java Runtime Environment to continue.
# Native memory allocation (malloc) failed to allocate 1048576 bytes for AllocateHeap
# Possible reasons:
#   The system is out of physical RAM or swap space
#   In 32 bit mode, the process size limit was hit
# Possible solutions:
#   Reduce memory load on the system
#   Increase physical memory or swap space
#   Check if swap backing store is full
#   Use 64 bit Java on a 64 bit OS
#   Decrease Java heap size (-Xmx/-Xms)
#   Decrease number of Java threads
#   Decrease Java thread stack sizes (-Xss)
#   Set larger code cache with -XX:ReservedCodeCacheSize=
# This output file may be truncated or incomplete.
#
#  Out of Memory Error (memory/allocation.inline.hpp:61), pid=21388, tid=5488
#
# JRE version:  (7.0_71-b14) (build )
# Java VM: Java HotSpot(TM) 64-Bit Server VM (24.71-b01 mixed mode windows-amd64 compressed oops)
# Failed to write core dump. Minidumps are not enabled by default on client versions of Windows
#

---------------  T H R E A D  ---------------

Current thread (0x00000000027d0800):  JavaThread "Unknown thread" [_thread_in_vm, id=5488, stack(0x00000000025f0000,0x00000000026f0000)]

Stack: [0x00000000025f0000,0x00000000026f0000]
[error occurred during error reporting (printing stack bounds), id 0xc0000005]


---------------  P R O C E S S  ---------------

Java Threads: ( => current thread )

Other Threads:

=>0x00000000027d0800 (exited) JavaThread "Unknown thread" [_thread_in_vm, id=5488, stack(0x00000000025f0000,0x00000000026f0000)]

VM state:not at safepoint (normal execution)

VM Mutex/Monitor currently owned by a thread: None

Heap
 PSYoungGen      total 76800K, used 1321K [0x00000007aae80000, 0x00000007b0400000, 0x0000000800000000)
  eden space 66048K, 2% used [0x00000007aae80000,0x00000007aafca428,0x00000007aef00000)
  from space 10752K, 0% used [0x00000007af980000,0x00000007af980000,0x00000007b0400000)
  to   space 10752K, 0% used [0x00000007aef00000,0x00000007aef00000,0x00000007af980000)
 ParOldGen       total 174080K, used 0K [0x0000000700c00000, 0x000000070b600000, 0x00000007aae80000)
  object space 174080K, 0% used [0x0000000700c00000,0x0000000700c00000,0x000000070b600000)
 PSPermGen       total 21504K, used 677K [0x00000006fba00000, 0x00000006fcf00000, 0x0000000700c00000)
  object space 21504K, 3% used [0x00000006fba00000,0x00000006fbaa9450,0x00000006fcf00000)

Card table byte_map: [0x00000000058d0000,0x0000000006100000] byte_map_base: 0x00000000020f3000

Polling page: 0x0000000000da0000

Code Cache  [0x00000000028d0000, 0x0000000002b40000, 0x00000000058d0000)
 total_blobs=38 nmethods=0 adapters=20 free_code_cache=48889Kb largest_free_block=50062528

Compilation events (0 events):
No events

GC Heap History (0 events):
No events

Deoptimization events (0 events):
No events

Internal exceptions (0 events):
No events

Events (10 events):
Event: 0.174 loading class 0x000000000281f530
Event: 0.174 loading class 0x000000000281f530 done
Event: 0.174 loading class 0x000000000281f580
Event: 0.175 loading class 0x000000000281f580 done
Event: 0.175 loading class 0x000000000281f5d0
Event: 0.175 loading class 0x000000000281f5d0 done
Event: 0.175 loading class 0x0000000002820330
Event: 0.175 loading class 0x0000000002820330 done
Event: 0.175 loading class 0x000000000281ff50
Event: 0.176 loading class 0x000000000281ff50 done


Dynamic libraries:
0x00007ff74b7c0000 - 0x00007ff74b7f3000 	C:\Program Files\Java\jre7\bin\java.exe
0x00007fff23600000 - 0x00007fff237ac000 	C:\WINDOWS\SYSTEM32\ntdll.dll
0x00007fff214c0000 - 0x00007fff215fe000 	C:\WINDOWS\system32\KERNEL32.DLL
0x00007fff20b10000 - 0x00007fff20c25000 	C:\WINDOWS\system32\KERNELBASE.dll
0x00007fff1f210000 - 0x00007fff1f29e000 	C:\WINDOWS\system32\apphelp.dll
0x00007fff032f0000 - 0x00007fff03343000 	C:\WINDOWS\AppPatch\AppPatch64\AcGenral.DLL
0x00007fff23200000 - 0x00007fff232aa000 	C:\WINDOWS\system32\msvcrt.dll
0x00007fff20580000 - 0x00007fff205ae000 	C:\WINDOWS\SYSTEM32\SspiCli.dll
0x00007fff235a0000 - 0x00007fff235f4000 	C:\WINDOWS\system32\SHLWAPI.dll
0x00007fff219d0000 - 0x00007fff21b47000 	C:\WINDOWS\system32\USER32.dll
0x00007fff21070000 - 0x00007fff21204000 	C:\WINDOWS\system32\ole32.dll
0x00007fff21b50000 - 0x00007fff23068000 	C:\WINDOWS\system32\SHELL32.dll
0x00007fff1fd50000 - 0x00007fff1fd71000 	C:\WINDOWS\SYSTEM32\USERENV.dll
0x00007fff21920000 - 0x00007fff219ca000 	C:\WINDOWS\system32\ADVAPI32.dll
0x00007fff0e710000 - 0x00007fff0e72e000 	C:\WINDOWS\SYSTEM32\MPR.dll
0x00007fff217d0000 - 0x00007fff21911000 	C:\WINDOWS\system32\RPCRT4.dll
0x00007fff21450000 - 0x00007fff214a9000 	C:\WINDOWS\SYSTEM32\sechost.dll
0x00007fff21230000 - 0x00007fff21441000 	C:\WINDOWS\SYSTEM32\combase.dll
0x00007fff20da0000 - 0x00007fff20ef1000 	C:\WINDOWS\system32\GDI32.dll
0x00007fff20750000 - 0x00007fff20765000 	C:\WINDOWS\SYSTEM32\profapi.dll
0x00007fff1f2a0000 - 0x00007fff1f352000 	C:\WINDOWS\SYSTEM32\SHCORE.dll
0x00007fff23310000 - 0x00007fff23346000 	C:\WINDOWS\system32\IMM32.DLL
0x00007fff20f10000 - 0x00007fff21062000 	C:\WINDOWS\system32\MSCTF.dll
0x00007fff1e5e0000 - 0x00007fff1e85a000 	C:\WINDOWS\WinSxS\amd64_microsoft.windows.common-controls_6595b64144ccf1df_6.0.9600.17810_none_6240b9c7ecbd0bda\COMCTL32.dll
0x0000000060f30000 - 0x0000000061002000 	C:\Program Files\Java\jre7\bin\msvcr100.dll
0x0000000060750000 - 0x0000000060f23000 	C:\Program Files\Java\jre7\bin\server\jvm.dll
0x00007fff17ff0000 - 0x00007fff17ff9000 	C:\WINDOWS\SYSTEM32\WSOCK32.dll
0x00007fff1eb70000 - 0x00007fff1eb92000 	C:\WINDOWS\SYSTEM32\WINMM.dll
0x00007fff21210000 - 0x00007fff21217000 	C:\WINDOWS\system32\PSAPI.DLL
0x00007fff232b0000 - 0x00007fff2330a000 	C:\WINDOWS\system32\WS2_32.dll
0x00007fff1e570000 - 0x00007fff1e59a000 	C:\WINDOWS\SYSTEM32\WINMMBASE.dll
0x00007fff21220000 - 0x00007fff21229000 	C:\WINDOWS\system32\NSI.dll
0x00007fff20c30000 - 0x00007fff20c7f000 	C:\WINDOWS\SYSTEM32\cfgmgr32.dll
0x00007fff1f560000 - 0x00007fff1f588000 	C:\WINDOWS\SYSTEM32\DEVOBJ.dll
0x0000000062030000 - 0x000000006203f000 	C:\Program Files\Java\jre7\bin\verify.dll
0x0000000062000000 - 0x0000000062028000 	C:\Program Files\Java\jre7\bin\java.dll
0x0000000061160000 - 0x0000000061175000 	C:\Program Files\Java\jre7\bin\zip.dll

VM Arguments:
java_command: <unknown>
Launcher Type: SUN_STANDARD

Environment Variables:
JAVA_HOME=C:\Program Files\Java\jdk1.8.0_31
PATH=C:\Python27\;C:\Python27\Scripts;C:\Python34\;C:\Python34\Scripts;C:\ProgramData\Oracle\Java\javapath;C:\Program Files (x86)\Intel\iCLS Client\;C:\Program Files\Intel\iCLS Client\;C:\WINDOWS\system32;C:\WINDOWS;C:\WINDOWS\System32\Wbem;C:\WINDOWS\System32\WindowsPowerShell\v1.0\;C:\Program Files (x86)\Windows Live\Shared;C:\Program Files\Intel\Intel(R) Management Engine Components\DAL;C:\Program Files\Intel\Intel(R) Management Engine Components\IPT;C:\Program Files (x86)\Intel\Intel(R) Management Engine Components\DAL;C:\Program Files (x86)\Intel\Intel(R) Management Engine Components\IPT;F:\MATLAB\runtime\win64;F:\MATLAB\bin;C:\Program Files\Java\jdk1.8.0_31\bin;C:\Program Files (x86)\Skype\Phone\;C:\Program Files (x86)\NVIDIA Corporation\PhysX\Common;C:\Program Files (x86)\scala\bin
USERNAME=shaon
OS=Windows_NT
PROCESSOR_IDENTIFIER=Intel64 Family 6 Model 60 Stepping 3, GenuineIntel



---------------  S Y S T E M  ---------------

OS: Windows 8.1 , 64 bit Build 9600 

CPU:total 8 (4 cores per cpu, 2 threads per core) family 6 model 60 stepping 3, cmov, cx8, fxsr, mmx, sse, sse2, sse3, ssse3, sse4.1, sse4.2, popcnt, avx, avx2, aes, erms, ht, tsc, tscinvbit

Memory: 4k page, physical 16725552k(2429768k free), swap 19871280k(6296k free)

vm_info: Java HotSpot(TM) 64-Bit Server VM (24.71-b01) for windows-amd64 JRE (1.7.0_71-b14), built on Sep 26 2014 16:16:12 by "java_re" with unknown MS VC++:1600

time: Wed Jun 24 19:06:20 2015
elapsed time: 0 seconds

